  Game.cpp
C:\Users\andre\Desktop\RandomCodeProjects\source\repos\RecycleMe\External\include\SFML\System\Exception.hpp(41,47): warning C4275: non dll-interface class 'std::runtime_error' used as base for dll-interface class 'sf::Exception'
  (compiling source file 'Game.cpp')
      C:\Program Files\Microsoft Visual Studio\2022\Community\VC\Tools\MSVC\14.44.35207\include\stdexcept(100,30):
      see declaration of 'std::runtime_error'
      C:\Users\andre\Desktop\RandomCodeProjects\source\repos\RecycleMe\External\include\SFML\System\Exception.hpp(41,23):
      see declaration of 'sf::Exception'
  
  RecycleMe.cpp
C:\Users\andre\Desktop\RandomCodeProjects\source\repos\RecycleMe\External\include\SFML\System\Exception.hpp(41,47): warning C4275: non dll-interface class 'std::runtime_error' used as base for dll-interface class 'sf::Exception'
  (compiling source file 'RecycleMe.cpp')
      C:\Program Files\Microsoft Visual Studio\2022\Community\VC\Tools\MSVC\14.44.35207\include\stdexcept(100,30):
      see declaration of 'std::runtime_error'
      C:\Users\andre\Desktop\RandomCodeProjects\source\repos\RecycleMe\External\include\SFML\System\Exception.hpp(41,23):
      see declaration of 'sf::Exception'
  
  Generating code
  2 of 270 functions ( 0.7%) were compiled, the rest were copied from previous compilation.
    0 functions were new in current compilation
    0 functions had inline decision re-evaluated but remain unchanged
  Finished generating code
  RecycleMe.vcxproj -> C:\Users\andre\Desktop\RandomCodeProjects\source\repos\RecycleMe\Release\RecycleMe.exe
